<?xml version="1.0" encoding="UTF-8"?>
<!-- Generated by org.testng.reporters.JUnitReportReporter -->
<testsuite skipped="0" hostname="SatishKumarM-PC" name="com.wellsfargo.tests.TestNG_Ex001" tests="2" failures="0" timestamp="10 Jun 2020 13:53:54 GMT" time="14.578" errors="0">
  <testcase name="openURL" time="14.576" classname="com.wellsfargo.tests.TestNG_Ex001"/>
  <testcase name="verifyTitle" time="0.002" classname="com.wellsfargo.tests.TestNG_Ex001"/>
</testsuite> <!-- com.wellsfargo.tests.TestNG_Ex001 -->
