<?xml version="1.0" encoding="UTF-8"?>
<!-- Generated by org.testng.reporters.JUnitReportReporter -->
<testsuite skipped="0" hostname="SATISHKUMAR-PC" name="com.wellsfargo.tests.HomePageTest" tests="3" failures="0" timestamp="2020-06-27T21:12:40 IST" time="31.964" errors="0">
  <testcase name="openURL" time="18.323" classname="com.wellsfargo.tests.HomePageTest"/>
  <system-out/>
  <testcase name="validateHomePage" time="0.045" classname="com.wellsfargo.tests.HomePageTest"/>
  <system-out>
HomePage Validation SUCCESS...!!  </system-out>
  <testcase name="verifyLogin" time="13.596" classname="com.wellsfargo.tests.HomePageTest"/>
  <system-out>
Invalid Logon Validation - SUCCESS  </system-out>
</testsuite> <!-- com.wellsfargo.tests.HomePageTest -->
