<?xml version="1.0" encoding="UTF-8"?>
<!-- Generated by org.testng.reporters.JUnitXMLReporter -->
<testsuite hostname="SATISHKUMAR-PC" ignored="0" name="Test" tests="3" failures="0" timestamp="2020-06-27T21:12:40 IST" time="32.956" errors="0">
  <testcase name="openURL" time="18.323" classname="com.wellsfargo.tests.HomePageTest"/>
  <testcase name="validateHomePage" time="0.045" classname="com.wellsfargo.tests.HomePageTest"/>
  <testcase name="verifyLogin" time="13.596" classname="com.wellsfargo.tests.HomePageTest"/>
</testsuite> <!-- Test -->
